<?xml version="1.0" encoding="UTF-8"?>
<testsuite name="com.spring.efub.web.IndexControllerTest" tests="1" skipped="0" failures="0" errors="0" timestamp="2022-07-31T09:12:22" hostname="DESKTOP-QLSN60V" time="1.038">
  <properties/>
  <testcase name="메인 페이지 로딩" classname="com.spring.efub.web.IndexControllerTest" time="1.038"/>
  <system-out><![CDATA[18:12:12.639 [Test worker] DEBUG org.springframework.test.context.BootstrapUtils - Instantiating CacheAwareContextLoaderDelegate from class [org.springframework.test.context.cache.DefaultCacheAwareContextLoaderDelegate]
18:12:12.659 [Test worker] DEBUG org.springframework.test.context.BootstrapUtils - Instantiating BootstrapContext using constructor [public org.springframework.test.context.support.DefaultBootstrapContext(java.lang.Class,org.springframework.test.context.CacheAwareContextLoaderDelegate)]
18:12:12.699 [Test worker] DEBUG org.springframework.test.context.BootstrapUtils - Instantiating TestContextBootstrapper for test class [com.spring.efub.web.IndexControllerTest] from class [org.springframework.boot.test.context.SpringBootTestContextBootstrapper]
18:12:12.713 [Test worker] INFO org.springframework.boot.test.context.SpringBootTestContextBootstrapper - Neither @ContextConfiguration nor @ContextHierarchy found for test class [com.spring.efub.web.IndexControllerTest], using SpringBootContextLoader
18:12:12.717 [Test worker] DEBUG org.springframework.test.context.support.AbstractContextLoader - Did not detect default resource location for test class [com.spring.efub.web.IndexControllerTest]: class path resource [com/spring/efub/web/IndexControllerTest-context.xml] does not exist
18:12:12.718 [Test worker] DEBUG org.springframework.test.context.support.AbstractContextLoader - Did not detect default resource location for test class [com.spring.efub.web.IndexControllerTest]: class path resource [com/spring/efub/web/IndexControllerTestContext.groovy] does not exist
18:12:12.718 [Test worker] INFO org.springframework.test.context.support.AbstractContextLoader - Could not detect default resource locations for test class [com.spring.efub.web.IndexControllerTest]: no resource found for suffixes {-context.xml, Context.groovy}.
18:12:12.719 [Test worker] INFO org.springframework.test.context.support.AnnotationConfigContextLoaderUtils - Could not detect default configuration classes for test class [com.spring.efub.web.IndexControllerTest]: IndexControllerTest does not declare any static, non-private, non-final, nested classes annotated with @Configuration.
18:12:12.771 [Test worker] DEBUG org.springframework.test.context.support.ActiveProfilesUtils - Could not find an 'annotation declaring class' for annotation type [org.springframework.test.context.ActiveProfiles] and class [com.spring.efub.web.IndexControllerTest]
18:12:12.915 [Test worker] DEBUG org.springframework.context.annotation.ClassPathScanningCandidateComponentProvider - Identified candidate component class: file [C:\Github\EFUB-SpringBoot-with-AWS\nitronium102\build\classes\java\main\com\spring\efub\Application.class]
18:12:12.917 [Test worker] INFO org.springframework.boot.test.context.SpringBootTestContextBootstrapper - Found @SpringBootConfiguration com.spring.efub.Application for test class com.spring.efub.web.IndexControllerTest
18:12:13.081 [Test worker] DEBUG org.springframework.boot.test.context.SpringBootTestContextBootstrapper - @TestExecutionListeners is not present for class [com.spring.efub.web.IndexControllerTest]: using defaults.
18:12:13.082 [Test worker] INFO org.springframework.boot.test.context.SpringBootTestContextBootstrapper - Loaded default TestExecutionListener class names from location [META-INF/spring.factories]: [org.springframework.boot.test.autoconfigure.restdocs.RestDocsTestExecutionListener, org.springframework.boot.test.autoconfigure.web.client.MockRestServiceServerResetTestExecutionListener, org.springframework.boot.test.autoconfigure.web.servlet.MockMvcPrintOnlyOnFailureTestExecutionListener, org.springframework.boot.test.autoconfigure.web.servlet.WebDriverTestExecutionListener, org.springframework.boot.test.autoconfigure.webservices.client.MockWebServiceServerTestExecutionListener, org.springframework.boot.test.mock.mockito.MockitoTestExecutionListener, org.springframework.boot.test.mock.mockito.ResetMocksTestExecutionListener, org.springframework.test.context.web.ServletTestExecutionListener, org.springframework.test.context.support.DirtiesContextBeforeModesTestExecutionListener, org.springframework.test.context.support.DependencyInjectionTestExecutionListener, org.springframework.test.context.support.DirtiesContextTestExecutionListener, org.springframework.test.context.transaction.TransactionalTestExecutionListener, org.springframework.test.context.jdbc.SqlScriptsTestExecutionListener, org.springframework.test.context.event.EventPublishingTestExecutionListener]
18:12:13.109 [Test worker] INFO org.springframework.boot.test.context.SpringBootTestContextBootstrapper - Using TestExecutionListeners: [org.springframework.test.context.web.ServletTestExecutionListener@32358827, org.springframework.test.context.support.DirtiesContextBeforeModesTestExecutionListener@2dfb7f29, org.springframework.boot.test.mock.mockito.MockitoTestExecutionListener@5ad0f194, org.springframework.boot.test.autoconfigure.SpringBootDependencyInjectionTestExecutionListener@7fb191bd, org.springframework.test.context.support.DirtiesContextTestExecutionListener@615b5adc, org.springframework.test.context.transaction.TransactionalTestExecutionListener@17af73e9, org.springframework.test.context.jdbc.SqlScriptsTestExecutionListener@4a2e7cd9, org.springframework.test.context.event.EventPublishingTestExecutionListener@39e12058, org.springframework.boot.test.autoconfigure.restdocs.RestDocsTestExecutionListener@2571002, org.springframework.boot.test.autoconfigure.web.client.MockRestServiceServerResetTestExecutionListener@6e0b1b9a, org.springframework.boot.test.autoconfigure.web.servlet.MockMvcPrintOnlyOnFailureTestExecutionListener@577a6a36, org.springframework.boot.test.autoconfigure.web.servlet.WebDriverTestExecutionListener@67a97361, org.springframework.boot.test.autoconfigure.webservices.client.MockWebServiceServerTestExecutionListener@5dc4b896, org.springframework.boot.test.mock.mockito.ResetMocksTestExecutionListener@6b25af7f]
18:12:13.114 [Test worker] DEBUG org.springframework.test.context.support.AbstractDirtiesContextTestExecutionListener - Before test class: context [DefaultTestContext@404d15f9 testClass = IndexControllerTest, testInstance = [null], testMethod = [null], testException = [null], mergedContextConfiguration = [WebMergedContextConfiguration@41c30e86 testClass = IndexControllerTest, locations = '{}', classes = '{class com.spring.efub.Application}', contextInitializerClasses = '[]', activeProfiles = '{}', propertySourceLocations = '{}', propertySourceProperties = '{org.springframework.boot.test.context.SpringBootTestContextBootstrapper=true, server.port=0}', contextCustomizers = set[org.springframework.boot.test.autoconfigure.actuate.metrics.MetricsExportContextCustomizerFactory$DisableMetricExportContextCustomizer@35140edf, org.springframework.boot.test.autoconfigure.properties.PropertyMappingContextCustomizer@0, org.springframework.boot.test.autoconfigure.web.servlet.WebDriverContextCustomizerFactory$Customizer@7d9aaac7, org.springframework.boot.test.context.filter.ExcludeFilterContextCustomizer@36a40cd, org.springframework.boot.test.json.DuplicateJsonObjectContextCustomizerFactory$DuplicateJsonObjectContextCustomizer@490e637d, org.springframework.boot.test.mock.mockito.MockitoContextCustomizer@0, org.springframework.boot.test.web.client.TestRestTemplateContextCustomizer@154fc0d2, org.springframework.boot.test.context.SpringBootTestArgs@1, org.springframework.boot.test.context.SpringBootTestWebEnvironment@7ab635bc], resourceBasePath = 'src/main/webapp', contextLoader = 'org.springframework.boot.test.context.SpringBootContextLoader', parent = [null]], attributes = map['org.springframework.test.context.web.ServletTestExecutionListener.activateListener' -> false]], class annotated with @DirtiesContext [false] with mode [null].
18:12:13.128 [Test worker] DEBUG org.springframework.test.context.support.DependencyInjectionTestExecutionListener - Performing dependency injection for test context [[DefaultTestContext@404d15f9 testClass = IndexControllerTest, testInstance = com.spring.efub.web.IndexControllerTest@68853796, testMethod = [null], testException = [null], mergedContextConfiguration = [WebMergedContextConfiguration@41c30e86 testClass = IndexControllerTest, locations = '{}', classes = '{class com.spring.efub.Application}', contextInitializerClasses = '[]', activeProfiles = '{}', propertySourceLocations = '{}', propertySourceProperties = '{org.springframework.boot.test.context.SpringBootTestContextBootstrapper=true, server.port=0}', contextCustomizers = set[org.springframework.boot.test.autoconfigure.actuate.metrics.MetricsExportContextCustomizerFactory$DisableMetricExportContextCustomizer@35140edf, org.springframework.boot.test.autoconfigure.properties.PropertyMappingContextCustomizer@0, org.springframework.boot.test.autoconfigure.web.servlet.WebDriverContextCustomizerFactory$Customizer@7d9aaac7, org.springframework.boot.test.context.filter.ExcludeFilterContextCustomizer@36a40cd, org.springframework.boot.test.json.DuplicateJsonObjectContextCustomizerFactory$DuplicateJsonObjectContextCustomizer@490e637d, org.springframework.boot.test.mock.mockito.MockitoContextCustomizer@0, org.springframework.boot.test.web.client.TestRestTemplateContextCustomizer@154fc0d2, org.springframework.boot.test.context.SpringBootTestArgs@1, org.springframework.boot.test.context.SpringBootTestWebEnvironment@7ab635bc], resourceBasePath = 'src/main/webapp', contextLoader = 'org.springframework.boot.test.context.SpringBootContextLoader', parent = [null]], attributes = map['org.springframework.test.context.web.ServletTestExecutionListener.activateListener' -> false]]].
18:12:13.160 [Test worker] DEBUG org.springframework.test.context.support.TestPropertySourceUtils - Adding inlined properties to environment: {spring.jmx.enabled=false, org.springframework.boot.test.context.SpringBootTestContextBootstrapper=true, server.port=0}

  .   ____          _            __ _ _
 /\\ / ___'_ __ _ _(_)_ __  __ _ \ \ \ \
( ( )\___ | '_ | '_| | '_ \/ _` | \ \ \ \
 \\/  ___)| |_)| | | | | || (_| |  ) ) ) )
  '  |____| .__|_| |_|_| |_\__, | / / / /
 =========|_|==============|___/=/_/_/_/
 :: Spring Boot ::                (v2.4.1)

2022-07-31 18:12:13.564  INFO 20312 --- [    Test worker] com.spring.efub.web.IndexControllerTest  : Starting IndexControllerTest using Java 13.0.9 on DESKTOP-QLSN60V with PID 20312 (started by KangMinji in C:\Github\EFUB-SpringBoot-with-AWS\nitronium102)
2022-07-31 18:12:13.566  INFO 20312 --- [    Test worker] com.spring.efub.web.IndexControllerTest  : No active profile set, falling back to default profiles: default
2022-07-31 18:12:14.713  INFO 20312 --- [    Test worker] .s.d.r.c.RepositoryConfigurationDelegate : Bootstrapping Spring Data JPA repositories in DEFAULT mode.
2022-07-31 18:12:14.792  INFO 20312 --- [    Test worker] .s.d.r.c.RepositoryConfigurationDelegate : Finished Spring Data repository scanning in 72 ms. Found 1 JPA repository interfaces.
2022-07-31 18:12:15.665  INFO 20312 --- [    Test worker] o.s.b.w.embedded.tomcat.TomcatWebServer  : Tomcat initialized with port(s): 0 (http)
2022-07-31 18:12:15.682  INFO 20312 --- [    Test worker] o.apache.catalina.core.StandardService   : Starting service [Tomcat]
2022-07-31 18:12:15.683  INFO 20312 --- [    Test worker] org.apache.catalina.core.StandardEngine  : Starting Servlet engine: [Apache Tomcat/9.0.41]
2022-07-31 18:12:15.910  INFO 20312 --- [    Test worker] o.a.c.c.C.[Tomcat].[localhost].[/]       : Initializing Spring embedded WebApplicationContext
2022-07-31 18:12:15.911  INFO 20312 --- [    Test worker] w.s.c.ServletWebServerApplicationContext : Root WebApplicationContext: initialization completed in 2311 ms
2022-07-31 18:12:16.012  INFO 20312 --- [    Test worker] com.zaxxer.hikari.HikariDataSource       : HikariPool-1 - Starting...
2022-07-31 18:12:16.303  INFO 20312 --- [    Test worker] com.zaxxer.hikari.HikariDataSource       : HikariPool-1 - Start completed.
2022-07-31 18:12:16.314  INFO 20312 --- [    Test worker] o.s.b.a.h2.H2ConsoleAutoConfiguration    : H2 console available at '/h2-console'. Database available at 'jdbc:h2:mem://localhost/~/testdb'
2022-07-31 18:12:16.862  INFO 20312 --- [    Test worker] o.hibernate.jpa.internal.util.LogHelper  : HHH000204: Processing PersistenceUnitInfo [name: default]
2022-07-31 18:12:16.979  INFO 20312 --- [    Test worker] org.hibernate.Version                    : HHH000412: Hibernate ORM core version 5.4.25.Final
2022-07-31 18:12:17.201  INFO 20312 --- [    Test worker] o.hibernate.annotations.common.Version   : HCANN000001: Hibernate Commons Annotations {5.1.2.Final}
2022-07-31 18:12:17.412  INFO 20312 --- [    Test worker] org.hibernate.dialect.Dialect            : HHH000400: Using dialect: org.hibernate.dialect.MySQL57Dialect
Hibernate: drop table if exists posts
Hibernate: create table posts (id bigint not null auto_increment, created_date datetime(6), modified_date datetime(6), author varchar(255), content TEXT not null, title varchar(500) not null, primary key (id)) engine=InnoDB
2022-07-31 18:12:18.434  INFO 20312 --- [    Test worker] o.h.e.t.j.p.i.JtaPlatformInitiator       : HHH000490: Using JtaPlatform implementation: [org.hibernate.engine.transaction.jta.platform.internal.NoJtaPlatform]
2022-07-31 18:12:18.464  INFO 20312 --- [    Test worker] j.LocalContainerEntityManagerFactoryBean : Initialized JPA EntityManagerFactory for persistence unit 'default'
2022-07-31 18:12:20.132  WARN 20312 --- [    Test worker] JpaBaseConfiguration$JpaWebConfiguration : spring.jpa.open-in-view is enabled by default. Therefore, database queries may be performed during view rendering. Explicitly configure spring.jpa.open-in-view to disable this warning
2022-07-31 18:12:21.226  INFO 20312 --- [    Test worker] o.s.s.concurrent.ThreadPoolTaskExecutor  : Initializing ExecutorService 'applicationTaskExecutor'
2022-07-31 18:12:21.556  INFO 20312 --- [    Test worker] o.s.b.a.w.s.WelcomePageHandlerMapping    : Adding welcome page template: index
2022-07-31 18:12:22.546  INFO 20312 --- [    Test worker] o.s.b.w.embedded.tomcat.TomcatWebServer  : Tomcat started on port(s): 57592 (http) with context path ''
2022-07-31 18:12:22.563  INFO 20312 --- [    Test worker] com.spring.efub.web.IndexControllerTest  : Started IndexControllerTest in 9.399 seconds (JVM running for 11.733)
2022-07-31 18:12:23.320  INFO 20312 --- [o-auto-1-exec-1] o.a.c.c.C.[Tomcat].[localhost].[/]       : Initializing Spring DispatcherServlet 'dispatcherServlet'
2022-07-31 18:12:23.321  INFO 20312 --- [o-auto-1-exec-1] o.s.web.servlet.DispatcherServlet        : Initializing Servlet 'dispatcherServlet'
2022-07-31 18:12:23.322  INFO 20312 --- [o-auto-1-exec-1] o.s.web.servlet.DispatcherServlet        : Completed initialization in 1 ms
]]></system-out>
  <system-err><![CDATA[]]></system-err>
</testsuite>
